INFO [2023-02-23 15:24:32] $x
INFO [2023-02-23 15:24:32] list(unique_control_all, unique_malt_all)
INFO [2023-02-23 15:24:32] 
INFO [2023-02-23 15:24:32] $category.names
INFO [2023-02-23 15:24:32] c("CONT", "MALT")
INFO [2023-02-23 15:24:32] 
INFO [2023-02-23 15:24:32] $filename
INFO [2023-02-23 15:24:32] [1] "venn_diagramm.png"
INFO [2023-02-23 15:24:32] 
INFO [2023-02-23 15:24:32] $output
INFO [2023-02-23 15:24:32] [1] TRUE
INFO [2023-02-23 15:24:32] 
INFO [2023-02-23 15:24:32] $imagetype
INFO [2023-02-23 15:24:32] [1] "png"
INFO [2023-02-23 15:24:32] 
INFO [2023-02-23 15:24:32] $height
INFO [2023-02-23 15:24:32] [1] 680
INFO [2023-02-23 15:24:32] 
INFO [2023-02-23 15:24:32] $width
INFO [2023-02-23 15:24:32] [1] 720
INFO [2023-02-23 15:24:32] 
INFO [2023-02-23 15:24:32] $resolution
INFO [2023-02-23 15:24:32] [1] 300
INFO [2023-02-23 15:24:32] 
INFO [2023-02-23 15:24:32] $compression
INFO [2023-02-23 15:24:32] [1] "lzw"
INFO [2023-02-23 15:24:32] 
INFO [2023-02-23 15:24:32] $lwd
INFO [2023-02-23 15:24:32] [1] 2
INFO [2023-02-23 15:24:32] 
INFO [2023-02-23 15:24:32] $lty
INFO [2023-02-23 15:24:32] [1] "blank"
INFO [2023-02-23 15:24:32] 
INFO [2023-02-23 15:24:32] $fill
INFO [2023-02-23 15:24:32] c("red", "blue")
INFO [2023-02-23 15:24:32] 
INFO [2023-02-23 15:24:32] $cex
INFO [2023-02-23 15:24:32] [1] 0.6
INFO [2023-02-23 15:24:32] 
INFO [2023-02-23 15:24:32] $fontface
INFO [2023-02-23 15:24:32] [1] "bold"
INFO [2023-02-23 15:24:32] 
INFO [2023-02-23 15:24:32] $fontfamily
INFO [2023-02-23 15:24:32] [1] "sans"
INFO [2023-02-23 15:24:32] 
INFO [2023-02-23 15:24:32] $cat.cex
INFO [2023-02-23 15:24:32] [1] 0.6
INFO [2023-02-23 15:24:32] 
INFO [2023-02-23 15:24:32] $cat.fontface
INFO [2023-02-23 15:24:32] [1] "bold"
INFO [2023-02-23 15:24:32] 
INFO [2023-02-23 15:24:32] $cat.default.pos
INFO [2023-02-23 15:24:32] [1] "outer"
INFO [2023-02-23 15:24:32] 
