INFO [2023-02-23 14:47:11] $x
INFO [2023-02-23 14:47:11] list(unique_control_all, unique_malt_all)
INFO [2023-02-23 14:47:11] 
INFO [2023-02-23 14:47:11] $category.names
INFO [2023-02-23 14:47:11] c("CONT", "MALT")
INFO [2023-02-23 14:47:11] 
INFO [2023-02-23 14:47:11] $filename
INFO [2023-02-23 14:47:11] [1] "venn_diagramm.png"
INFO [2023-02-23 14:47:11] 
INFO [2023-02-23 14:47:11] $output
INFO [2023-02-23 14:47:11] [1] TRUE
INFO [2023-02-23 14:47:11] 
INFO [2023-02-23 14:47:11] $imagetype
INFO [2023-02-23 14:47:11] [1] "png"
INFO [2023-02-23 14:47:11] 
INFO [2023-02-23 14:47:11] $height
INFO [2023-02-23 14:47:11] [1] 680
INFO [2023-02-23 14:47:11] 
INFO [2023-02-23 14:47:11] $width
INFO [2023-02-23 14:47:11] [1] 720
INFO [2023-02-23 14:47:11] 
INFO [2023-02-23 14:47:11] $resolution
INFO [2023-02-23 14:47:11] [1] 300
INFO [2023-02-23 14:47:11] 
INFO [2023-02-23 14:47:11] $compression
INFO [2023-02-23 14:47:11] [1] "lzw"
INFO [2023-02-23 14:47:11] 
INFO [2023-02-23 14:47:11] $lwd
INFO [2023-02-23 14:47:11] [1] 2
INFO [2023-02-23 14:47:11] 
INFO [2023-02-23 14:47:11] $lty
INFO [2023-02-23 14:47:11] [1] "blank"
INFO [2023-02-23 14:47:11] 
INFO [2023-02-23 14:47:11] $fill
INFO [2023-02-23 14:47:11] c("red", "blue")
INFO [2023-02-23 14:47:11] 
INFO [2023-02-23 14:47:11] $cex
INFO [2023-02-23 14:47:11] [1] 0.6
INFO [2023-02-23 14:47:11] 
INFO [2023-02-23 14:47:11] $fontface
INFO [2023-02-23 14:47:11] [1] "bold"
INFO [2023-02-23 14:47:11] 
INFO [2023-02-23 14:47:11] $fontfamily
INFO [2023-02-23 14:47:11] [1] "sans"
INFO [2023-02-23 14:47:11] 
INFO [2023-02-23 14:47:11] $cat.cex
INFO [2023-02-23 14:47:11] [1] 0.6
INFO [2023-02-23 14:47:11] 
INFO [2023-02-23 14:47:11] $cat.fontface
INFO [2023-02-23 14:47:11] [1] "bold"
INFO [2023-02-23 14:47:11] 
INFO [2023-02-23 14:47:11] $cat.default.pos
INFO [2023-02-23 14:47:11] [1] "outer"
INFO [2023-02-23 14:47:11] 
